  ShapeMeshes.cpp
  ShaderManager.cpp
C:\CS330Content\3DShapes\ShapeMeshes.cpp(404,59): warning C4305: 'initializing': truncation from 'double' to 'GLfloat'
C:\CS330Content\3DShapes\ShapeMeshes.cpp(406,59): warning C4305: 'initializing': truncation from 'double' to 'GLfloat'
C:\CS330Content\3DShapes\ShapeMeshes.cpp(407,59): warning C4305: 'initializing': truncation from 'double' to 'GLfloat'
C:\CS330Content\3DShapes\ShapeMeshes.cpp(408,59): warning C4305: 'initializing': truncation from 'double' to 'GLfloat'
C:\CS330Content\3DShapes\ShapeMeshes.cpp(409,59): warning C4305: 'initializing': truncation from 'double' to 'GLfloat'
C:\CS330Content\3DShapes\ShapeMeshes.cpp(410,59): warning C4305: 'initializing': truncation from 'double' to 'GLfloat'
C:\CS330Content\3DShapes\ShapeMeshes.cpp(411,59): warning C4305: 'initializing': truncation from 'double' to 'GLfloat'
C:\CS330Content\3DShapes\ShapeMeshes.cpp(412,58): warning C4305: 'initializing': truncation from 'double' to 'GLfloat'
C:\CS330Content\3DShapes\ShapeMeshes.cpp(413,59): warning C4305: 'initializing': truncation from 'double' to 'GLfloat'
C:\CS330Content\3DShapes\ShapeMeshes.cpp(414,58): warning C4305: 'initializing': truncation from 'double' to 'GLfloat'
C:\CS330Content\3DShapes\ShapeMeshes.cpp(415,58): warning C4305: 'initializing': truncation from 'double' to 'GLfloat'
C:\CS330Content\3DShapes\ShapeMeshes.cpp(416,59): warning C4305: 'initializing': truncation from 'double' to 'GLfloat'
C:\CS330Content\3DShapes\ShapeMeshes.cpp(417,58): warning C4305: 'initializing': truncation from 'double' to 'GLfloat'
C:\CS330Content\3DShapes\ShapeMeshes.cpp(418,59): warning C4305: 'initializing': truncation from 'double' to 'GLfloat'
C:\CS330Content\3DShapes\ShapeMeshes.cpp(419,59): warning C4305: 'initializing': truncation from 'double' to 'GLfloat'
C:\CS330Content\3DShapes\ShapeMeshes.cpp(420,59): warning C4305: 'initializing': truncation from 'double' to 'GLfloat'
C:\CS330Content\3DShapes\ShapeMeshes.cpp(421,59): warning C4305: 'initializing': truncation from 'double' to 'GLfloat'
C:\CS330Content\3DShapes\ShapeMeshes.cpp(422,59): warning C4305: 'initializing': truncation from 'double' to 'GLfloat'
C:\CS330Content\3DShapes\ShapeMeshes.cpp(423,59): warning C4305: 'initializing': truncation from 'double' to 'GLfloat'
C:\CS330Content\3DShapes\ShapeMeshes.cpp(424,58): warning C4305: 'initializing': truncation from 'double' to 'GLfloat'
C:\CS330Content\3DShapes\ShapeMeshes.cpp(425,59): warning C4305: 'initializing': truncation from 'double' to 'GLfloat'
C:\CS330Content\3DShapes\ShapeMeshes.cpp(426,58): warning C4305: 'initializing': truncation from 'double' to 'GLfloat'
C:\CS330Content\3DShapes\ShapeMeshes.cpp(427,58): warning C4305: 'initializing': truncation from 'double' to 'GLfloat'
C:\CS330Content\3DShapes\ShapeMeshes.cpp(428,59): warning C4305: 'initializing': truncation from 'double' to 'GLfloat'
C:\CS330Content\3DShapes\ShapeMeshes.cpp(429,58): warning C4305: 'initializing': truncation from 'double' to 'GLfloat'
C:\CS330Content\3DShapes\ShapeMeshes.cpp(430,59): warning C4305: 'initializing': truncation from 'double' to 'GLfloat'
C:\CS330Content\3DShapes\ShapeMeshes.cpp(431,59): warning C4305: 'initializing': truncation from 'double' to 'GLfloat'
C:\CS330Content\3DShapes\ShapeMeshes.cpp(432,59): warning C4305: 'initializing': truncation from 'double' to 'GLfloat'
C:\CS330Content\3DShapes\ShapeMeshes.cpp(433,59): warning C4305: 'initializing': truncation from 'double' to 'GLfloat'
C:\CS330Content\3DShapes\ShapeMeshes.cpp(434,59): warning C4305: 'initializing': truncation from 'double' to 'GLfloat'
C:\CS330Content\3DShapes\ShapeMeshes.cpp(435,59): warning C4305: 'initializing': truncation from 'double' to 'GLfloat'
C:\CS330Content\3DShapes\ShapeMeshes.cpp(436,58): warning C4305: 'initializing': truncation from 'double' to 'GLfloat'
C:\CS330Content\3DShapes\ShapeMeshes.cpp(437,59): warning C4305: 'initializing': truncation from 'double' to 'GLfloat'
C:\CS330Content\3DShapes\ShapeMeshes.cpp(438,58): warning C4305: 'initializing': truncation from 'double' to 'GLfloat'
C:\CS330Content\3DShapes\ShapeMeshes.cpp(439,58): warning C4305: 'initializing': truncation from 'double' to 'GLfloat'
C:\CS330Content\3DShapes\ShapeMeshes.cpp(440,60): warning C4305: 'initializing': truncation from 'double' to 'GLfloat'
C:\CS330Content\3DShapes\ShapeMeshes.cpp(441,59): warning C4305: 'initializing': truncation from 'double' to 'GLfloat'
C:\CS330Content\3DShapes\ShapeMeshes.cpp(442,60): warning C4305: 'initializing': truncation from 'double' to 'GLfloat'
C:\CS330Content\3DShapes\ShapeMeshes.cpp(443,60): warning C4305: 'initializing': truncation from 'double' to 'GLfloat'
C:\CS330Content\3DShapes\ShapeMeshes.cpp(444,60): warning C4305: 'initializing': truncation from 'double' to 'GLfloat'
C:\CS330Content\3DShapes\ShapeMeshes.cpp(445,60): warning C4305: 'initializing': truncation from 'double' to 'GLfloat'
C:\CS330Content\3DShapes\ShapeMeshes.cpp(446,60): warning C4305: 'initializing': truncation from 'double' to 'GLfloat'
C:\CS330Content\3DShapes\ShapeMeshes.cpp(447,60): warning C4305: 'initializing': truncation from 'double' to 'GLfloat'
C:\CS330Content\3DShapes\ShapeMeshes.cpp(448,60): warning C4305: 'initializing': truncation from 'double' to 'GLfloat'
C:\CS330Content\3DShapes\ShapeMeshes.cpp(449,60): warning C4305: 'initializing': truncation from 'double' to 'GLfloat'
C:\CS330Content\3DShapes\ShapeMeshes.cpp(450,60): warning C4305: 'initializing': truncation from 'double' to 'GLfloat'
C:\CS330Content\3DShapes\ShapeMeshes.cpp(451,60): warning C4305: 'initializing': truncation from 'double' to 'GLfloat'
C:\CS330Content\3DShapes\ShapeMeshes.cpp(452,60): warning C4305: 'initializing': truncation from 'double' to 'GLfloat'
C:\CS330Content\3DShapes\ShapeMeshes.cpp(453,60): warning C4305: 'initializing': truncation from 'double' to 'GLfloat'
C:\CS330Content\3DShapes\ShapeMeshes.cpp(454,60): warning C4305: 'initializing': truncation from 'double' to 'GLfloat'
C:\CS330Content\3DShapes\ShapeMeshes.cpp(455,60): warning C4305: 'initializing': truncation from 'double' to 'GLfloat'
C:\CS330Content\3DShapes\ShapeMeshes.cpp(456,60): warning C4305: 'initializing': truncation from 'double' to 'GLfloat'
C:\CS330Content\3DShapes\ShapeMeshes.cpp(457,60): warning C4305: 'initializing': truncation from 'double' to 'GLfloat'
C:\CS330Content\3DShapes\ShapeMeshes.cpp(458,60): warning C4305: 'initializing': truncation from 'double' to 'GLfloat'
C:\CS330Content\3DShapes\ShapeMeshes.cpp(459,60): warning C4305: 'initializing': truncation from 'double' to 'GLfloat'
C:\CS330Content\3DShapes\ShapeMeshes.cpp(460,60): warning C4305: 'initializing': truncation from 'double' to 'GLfloat'
C:\CS330Content\3DShapes\ShapeMeshes.cpp(461,60): warning C4305: 'initializing': truncation from 'double' to 'GLfloat'
C:\CS330Content\3DShapes\ShapeMeshes.cpp(462,60): warning C4305: 'initializing': truncation from 'double' to 'GLfloat'
C:\CS330Content\3DShapes\ShapeMeshes.cpp(463,60): warning C4305: 'initializing': truncation from 'double' to 'GLfloat'
C:\CS330Content\3DShapes\ShapeMeshes.cpp(464,60): warning C4305: 'initializing': truncation from 'double' to 'GLfloat'
C:\CS330Content\3DShapes\ShapeMeshes.cpp(465,60): warning C4305: 'initializing': truncation from 'double' to 'GLfloat'
C:\CS330Content\3DShapes\ShapeMeshes.cpp(466,60): warning C4305: 'initializing': truncation from 'double' to 'GLfloat'
C:\CS330Content\3DShapes\ShapeMeshes.cpp(467,60): warning C4305: 'initializing': truncation from 'double' to 'GLfloat'
C:\CS330Content\3DShapes\ShapeMeshes.cpp(468,60): warning C4305: 'initializing': truncation from 'double' to 'GLfloat'
C:\CS330Content\3DShapes\ShapeMeshes.cpp(469,60): warning C4305: 'initializing': truncation from 'double' to 'GLfloat'
C:\CS330Content\3DShapes\ShapeMeshes.cpp(470,60): warning C4305: 'initializing': truncation from 'double' to 'GLfloat'
C:\CS330Content\3DShapes\ShapeMeshes.cpp(471,60): warning C4305: 'initializing': truncation from 'double' to 'GLfloat'
C:\CS330Content\3DShapes\ShapeMeshes.cpp(472,59): warning C4305: 'initializing': truncation from 'double' to 'GLfloat'
C:\CS330Content\3DShapes\ShapeMeshes.cpp(473,60): warning C4305: 'initializing': truncation from 'double' to 'GLfloat'
C:\CS330Content\3DShapes\ShapeMeshes.cpp(474,59): warning C4305: 'initializing': truncation from 'double' to 'GLfloat'
C:\CS330Content\3DShapes\ShapeMeshes.cpp(475,59): warning C4305: 'initializing': truncation from 'double' to 'GLfloat'
C:\CS330Content\3DShapes\ShapeMeshes.cpp(476,59): warning C4305: 'initializing': truncation from 'double' to 'GLfloat'
C:\CS330Content\3DShapes\ShapeMeshes.cpp(477,58): warning C4305: 'initializing': truncation from 'double' to 'GLfloat'
C:\CS330Content\3DShapes\ShapeMeshes.cpp(478,59): warning C4305: 'initializing': truncation from 'double' to 'GLfloat'
C:\CS330Content\3DShapes\ShapeMeshes.cpp(479,59): warning C4305: 'initializing': truncation from 'double' to 'GLfloat'
C:\CS330Content\3DShapes\ShapeMeshes.cpp(480,59): warning C4305: 'initializing': truncation from 'double' to 'GLfloat'
C:\CS330Content\3DShapes\ShapeMeshes.cpp(481,59): warning C4305: 'initializing': truncation from 'double' to 'GLfloat'
C:\CS330Content\3DShapes\ShapeMeshes.cpp(482,59): warning C4305: 'initializing': truncation from 'double' to 'GLfloat'
C:\CS330Content\3DShapes\ShapeMeshes.cpp(483,59): warning C4305: 'initializing': truncation from 'double' to 'GLfloat'
C:\CS330Content\3DShapes\ShapeMeshes.cpp(484,58): warning C4305: 'initializing': truncation from 'double' to 'GLfloat'
C:\CS330Content\3DShapes\ShapeMeshes.cpp(485,59): warning C4305: 'initializing': truncation from 'double' to 'GLfloat'
C:\CS330Content\3DShapes\ShapeMeshes.cpp(486,58): warning C4305: 'initializing': truncation from 'double' to 'GLfloat'
C:\CS330Content\3DShapes\ShapeMeshes.cpp(487,58): warning C4305: 'initializing': truncation from 'double' to 'GLfloat'
C:\CS330Content\3DShapes\ShapeMeshes.cpp(488,59): warning C4305: 'initializing': truncation from 'double' to 'GLfloat'
C:\CS330Content\3DShapes\ShapeMeshes.cpp(489,58): warning C4305: 'initializing': truncation from 'double' to 'GLfloat'
C:\CS330Content\3DShapes\ShapeMeshes.cpp(490,59): warning C4305: 'initializing': truncation from 'double' to 'GLfloat'
C:\CS330Content\3DShapes\ShapeMeshes.cpp(491,59): warning C4305: 'initializing': truncation from 'double' to 'GLfloat'
C:\CS330Content\3DShapes\ShapeMeshes.cpp(492,59): warning C4305: 'initializing': truncation from 'double' to 'GLfloat'
C:\CS330Content\3DShapes\ShapeMeshes.cpp(493,59): warning C4305: 'initializing': truncation from 'double' to 'GLfloat'
C:\CS330Content\3DShapes\ShapeMeshes.cpp(494,59): warning C4305: 'initializing': truncation from 'double' to 'GLfloat'
C:\CS330Content\3DShapes\ShapeMeshes.cpp(495,59): warning C4305: 'initializing': truncation from 'double' to 'GLfloat'
C:\CS330Content\3DShapes\ShapeMeshes.cpp(496,58): warning C4305: 'initializing': truncation from 'double' to 'GLfloat'
C:\CS330Content\3DShapes\ShapeMeshes.cpp(497,59): warning C4305: 'initializing': truncation from 'double' to 'GLfloat'
C:\CS330Content\3DShapes\ShapeMeshes.cpp(498,58): warning C4305: 'initializing': truncation from 'double' to 'GLfloat'
C:\CS330Content\3DShapes\ShapeMeshes.cpp(499,58): warning C4305: 'initializing': truncation from 'double' to 'GLfloat'
C:\CS330Content\3DShapes\ShapeMeshes.cpp(500,59): warning C4305: 'initializing': truncation from 'double' to 'GLfloat'
C:\CS330Content\3DShapes\ShapeMeshes.cpp(501,58): warning C4305: 'initializing': truncation from 'double' to 'GLfloat'
C:\CS330Content\3DShapes\ShapeMeshes.cpp(502,59): warning C4305: 'initializing': truncation from 'double' to 'GLfloat'
C:\CS330Content\3DShapes\ShapeMeshes.cpp(503,59): warning C4305: 'initializing': truncation from 'double' to 'GLfloat'
C:\CS330Content\3DShapes\ShapeMeshes.cpp(504,59): warning C4305: 'initializing': truncation from 'double' to 'GLfloat'
C:\CS330Content\3DShapes\ShapeMeshes.cpp(505,59): warning C4305: 'initializing': truncation from 'double' to 'GLfloat'
C:\CS330Content\3DShapes\ShapeMeshes.cpp(506,59): warning C4305: 'initializing': truncation from 'double' to 'GLfloat'
C:\CS330Content\3DShapes\ShapeMeshes.cpp(507,59): warning C4305: 'initializing': truncation from 'double' to 'GLfloat'
C:\CS330Content\3DShapes\ShapeMeshes.cpp(508,56): warning C4305: 'initializing': truncation from 'double' to 'GLfloat'
C:\CS330Content\3DShapes\ShapeMeshes.cpp(509,59): warning C4305: 'initializing': truncation from 'double' to 'GLfloat'
C:\CS330Content\3DShapes\ShapeMeshes.cpp(510,56): warning C4305: 'initializing': truncation from 'double' to 'GLfloat'
C:\CS330Content\3DShapes\ShapeMeshes.cpp(511,56): warning C4305: 'initializing': truncation from 'double' to 'GLfloat'
C:\CS330Content\3DShapes\ShapeMeshes.cpp(512,57): warning C4305: 'initializing': truncation from 'double' to 'GLfloat'
C:\CS330Content\3DShapes\ShapeMeshes.cpp(513,56): warning C4305: 'initializing': truncation from 'double' to 'GLfloat'
C:\CS330Content\3DShapes\ShapeMeshes.cpp(514,57): warning C4305: 'initializing': truncation from 'double' to 'GLfloat'
C:\CS330Content\3DShapes\ShapeMeshes.cpp(515,57): warning C4305: 'initializing': truncation from 'double' to 'GLfloat'
C:\CS330Content\3DShapes\ShapeMeshes.cpp(516,57): warning C4305: 'initializing': truncation from 'double' to 'GLfloat'
C:\CS330Content\3DShapes\ShapeMeshes.cpp(517,57): warning C4305: 'initializing': truncation from 'double' to 'GLfloat'
C:\CS330Content\3DShapes\ShapeMeshes.cpp(518,57): warning C4305: 'initializing': truncation from 'double' to 'GLfloat'
C:\CS330Content\3DShapes\ShapeMeshes.cpp(519,57): warning C4305: 'initializing': truncation from 'double' to 'GLfloat'
C:\CS330Content\3DShapes\ShapeMeshes.cpp(520,56): warning C4305: 'initializing': truncation from 'double' to 'GLfloat'
C:\CS330Content\3DShapes\ShapeMeshes.cpp(521,57): warning C4305: 'initializing': truncation from 'double' to 'GLfloat'
C:\CS330Content\3DShapes\ShapeMeshes.cpp(522,56): warning C4305: 'initializing': truncation from 'double' to 'GLfloat'
C:\CS330Content\3DShapes\ShapeMeshes.cpp(523,56): warning C4305: 'initializing': truncation from 'double' to 'GLfloat'
C:\CS330Content\3DShapes\ShapeMeshes.cpp(524,57): warning C4305: 'initializing': truncation from 'double' to 'GLfloat'
C:\CS330Content\3DShapes\ShapeMeshes.cpp(525,56): warning C4305: 'initializing': truncation from 'double' to 'GLfloat'
C:\CS330Content\3DShapes\ShapeMeshes.cpp(526,57): warning C4305: 'initializing': truncation from 'double' to 'GLfloat'
C:\CS330Content\3DShapes\ShapeMeshes.cpp(527,57): warning C4305: 'initializing': truncation from 'double' to 'GLfloat'
C:\CS330Content\3DShapes\ShapeMeshes.cpp(528,57): warning C4305: 'initializing': truncation from 'double' to 'GLfloat'
C:\CS330Content\3DShapes\ShapeMeshes.cpp(529,57): warning C4305: 'initializing': truncation from 'double' to 'GLfloat'
C:\CS330Content\3DShapes\ShapeMeshes.cpp(530,57): warning C4305: 'initializing': truncation from 'double' to 'GLfloat'
C:\CS330Content\3DShapes\ShapeMeshes.cpp(531,57): warning C4305: 'initializing': truncation from 'double' to 'GLfloat'
C:\CS330Content\3DShapes\ShapeMeshes.cpp(532,56): warning C4305: 'initializing': truncation from 'double' to 'GLfloat'
C:\CS330Content\3DShapes\ShapeMeshes.cpp(533,57): warning C4305: 'initializing': truncation from 'double' to 'GLfloat'
C:\CS330Content\3DShapes\ShapeMeshes.cpp(534,56): warning C4305: 'initializing': truncation from 'double' to 'GLfloat'
C:\CS330Content\3DShapes\ShapeMeshes.cpp(535,56): warning C4305: 'initializing': truncation from 'double' to 'GLfloat'
C:\CS330Content\3DShapes\ShapeMeshes.cpp(536,57): warning C4305: 'initializing': truncation from 'double' to 'GLfloat'
C:\CS330Content\3DShapes\ShapeMeshes.cpp(537,56): warning C4305: 'initializing': truncation from 'double' to 'GLfloat'
C:\CS330Content\3DShapes\ShapeMeshes.cpp(538,57): warning C4305: 'initializing': truncation from 'double' to 'GLfloat'
C:\CS330Content\3DShapes\ShapeMeshes.cpp(539,57): warning C4305: 'initializing': truncation from 'double' to 'GLfloat'
C:\CS330Content\3DShapes\ShapeMeshes.cpp(540,57): warning C4305: 'initializing': truncation from 'double' to 'GLfloat'
C:\CS330Content\3DShapes\ShapeMeshes.cpp(541,57): warning C4305: 'initializing': truncation from 'double' to 'GLfloat'
C:\CS330Content\3DShapes\ShapeMeshes.cpp(542,57): warning C4305: 'initializing': truncation from 'double' to 'GLfloat'
C:\CS330Content\3DShapes\ShapeMeshes.cpp(543,57): warning C4305: 'initializing': truncation from 'double' to 'GLfloat'
C:\CS330Content\3DShapes\ShapeMeshes.cpp(545,57): warning C4305: 'initializing': truncation from 'double' to 'GLfloat'
C:\CS330Content\3DShapes\ShapeMeshes.cpp(840,12): warning C4305: 'initializing': truncation from 'double' to 'GLfloat'
C:\CS330Content\3DShapes\ShapeMeshes.cpp(848,13): warning C4305: 'initializing': truncation from 'double' to 'GLfloat'
C:\CS330Content\3DShapes\ShapeMeshes.cpp(969,3): warning C4305: 'initializing': truncation from 'double' to 'GLfloat'
C:\CS330Content\3DShapes\ShapeMeshes.cpp(1078,12): warning C4305: 'initializing': truncation from 'double' to 'GLfloat'
C:\CS330Content\3DShapes\ShapeMeshes.cpp(1086,13): warning C4305: 'initializing': truncation from 'double' to 'GLfloat'
C:\CS330Content\3DShapes\ShapeMeshes.cpp(1624,46): warning C4244: '=': conversion from 'double' to 'float', possible loss of data
C:\CS330Content\3DShapes\ShapeMeshes.cpp(1625,22): warning C4244: '=': conversion from 'double' to 'float', possible loss of data
C:\CS330Content\3DShapes\ShapeMeshes.cpp(1747,22): warning C4305: 'initializing': truncation from 'double' to 'GLfloat'
C:\CS330Content\3DShapes\ShapeMeshes.cpp(1748,22): warning C4305: 'initializing': truncation from 'double' to 'GLfloat'
C:\CS330Content\3DShapes\ShapeMeshes.cpp(1749,24): warning C4305: 'initializing': truncation from 'double' to 'GLfloat'
C:\CS330Content\3DShapes\ShapeMeshes.cpp(1749,58): warning C4305: 'initializing': truncation from 'double' to 'GLfloat'
C:\CS330Content\3DShapes\ShapeMeshes.cpp(1750,22): warning C4305: 'initializing': truncation from 'double' to 'GLfloat'
C:\CS330Content\3DShapes\ShapeMeshes.cpp(1751,24): warning C4305: 'initializing': truncation from 'double' to 'GLfloat'
C:\CS330Content\3DShapes\ShapeMeshes.cpp(1751,59): warning C4305: 'initializing': truncation from 'double' to 'GLfloat'
C:\CS330Content\3DShapes\ShapeMeshes.cpp(1752,24): warning C4305: 'initializing': truncation from 'double' to 'GLfloat'
C:\CS330Content\3DShapes\ShapeMeshes.cpp(1752,58): warning C4305: 'initializing': truncation from 'double' to 'GLfloat'
C:\CS330Content\3DShapes\ShapeMeshes.cpp(1753,59): warning C4305: 'initializing': truncation from 'double' to 'GLfloat'
C:\CS330Content\3DShapes\ShapeMeshes.cpp(1754,59): warning C4305: 'initializing': truncation from 'double' to 'GLfloat'
C:\CS330Content\3DShapes\ShapeMeshes.cpp(1755,59): warning C4305: 'initializing': truncation from 'double' to 'GLfloat'
C:\CS330Content\3DShapes\ShapeMeshes.cpp(1756,59): warning C4305: 'initializing': truncation from 'double' to 'GLfloat'
C:\CS330Content\3DShapes\ShapeMeshes.cpp(1757,58): warning C4305: 'initializing': truncation from 'double' to 'GLfloat'
C:\CS330Content\3DShapes\ShapeMeshes.cpp(1758,59): warning C4305: 'initializing': truncation from 'double' to 'GLfloat'
C:\CS330Content\3DShapes\ShapeMeshes.cpp(1759,59): warning C4305: 'initializing': truncation from 'double' to 'GLfloat'
C:\CS330Content\3DShapes\ShapeMeshes.cpp(1760,58): warning C4305: 'initializing': truncation from 'double' to 'GLfloat'
C:\CS330Content\3DShapes\ShapeMeshes.cpp(1761,59): warning C4305: 'initializing': truncation from 'double' to 'GLfloat'
C:\CS330Content\3DShapes\ShapeMeshes.cpp(1762,59): warning C4305: 'initializing': truncation from 'double' to 'GLfloat'
C:\CS330Content\3DShapes\ShapeMeshes.cpp(1763,59): warning C4305: 'initializing': truncation from 'double' to 'GLfloat'
C:\CS330Content\3DShapes\ShapeMeshes.cpp(1764,59): warning C4305: 'initializing': truncation from 'double' to 'GLfloat'
C:\CS330Content\3DShapes\ShapeMeshes.cpp(1765,59): warning C4305: 'initializing': truncation from 'double' to 'GLfloat'
C:\CS330Content\3DShapes\ShapeMeshes.cpp(1766,59): warning C4305: 'initializing': truncation from 'double' to 'GLfloat'
C:\CS330Content\3DShapes\ShapeMeshes.cpp(1767,59): warning C4305: 'initializing': truncation from 'double' to 'GLfloat'
C:\CS330Content\3DShapes\ShapeMeshes.cpp(1768,59): warning C4305: 'initializing': truncation from 'double' to 'GLfloat'
C:\CS330Content\3DShapes\ShapeMeshes.cpp(1769,58): warning C4305: 'initializing': truncation from 'double' to 'GLfloat'
C:\CS330Content\3DShapes\ShapeMeshes.cpp(1770,59): warning C4305: 'initializing': truncation from 'double' to 'GLfloat'
C:\CS330Content\3DShapes\ShapeMeshes.cpp(1771,59): warning C4305: 'initializing': truncation from 'double' to 'GLfloat'
C:\CS330Content\3DShapes\ShapeMeshes.cpp(1772,58): warning C4305: 'initializing': truncation from 'double' to 'GLfloat'
C:\CS330Content\3DShapes\ShapeMeshes.cpp(1773,59): warning C4305: 'initializing': truncation from 'double' to 'GLfloat'
C:\CS330Content\3DShapes\ShapeMeshes.cpp(1774,59): warning C4305: 'initializing': truncation from 'double' to 'GLfloat'
C:\CS330Content\3DShapes\ShapeMeshes.cpp(1775,59): warning C4305: 'initializing': truncation from 'double' to 'GLfloat'
C:\CS330Content\3DShapes\ShapeMeshes.cpp(1776,59): warning C4305: 'initializing': truncation from 'double' to 'GLfloat'
C:\CS330Content\3DShapes\ShapeMeshes.cpp(1777,59): warning C4305: 'initializing': truncation from 'double' to 'GLfloat'
C:\CS330Content\3DShapes\ShapeMeshes.cpp(1778,59): warning C4305: 'initializing': truncation from 'double' to 'GLfloat'
C:\CS330Content\3DShapes\ShapeMeshes.cpp(1779,59): warning C4305: 'initializing': truncation from 'double' to 'GLfloat'
C:\CS330Content\3DShapes\ShapeMeshes.cpp(1780,59): warning C4305: 'initializing': truncation from 'double' to 'GLfloat'
C:\CS330Content\3DShapes\ShapeMeshes.cpp(1781,58): warning C4305: 'initializing': truncation from 'double' to 'GLfloat'
C:\CS330Content\3DShapes\ShapeMeshes.cpp(1782,59): warning C4305: 'initializing': truncation from 'double' to 'GLfloat'
C:\CS330Content\3DShapes\ShapeMeshes.cpp(1783,59): warning C4305: 'initializing': truncation from 'double' to 'GLfloat'
C:\CS330Content\3DShapes\ShapeMeshes.cpp(1784,59): warning C4305: 'initializing': truncation from 'double' to 'GLfloat'
C:\CS330Content\3DShapes\ShapeMeshes.cpp(1785,60): warning C4305: 'initializing': truncation from 'double' to 'GLfloat'
C:\CS330Content\3DShapes\ShapeMeshes.cpp(1786,59): warning C4305: 'initializing': truncation from 'double' to 'GLfloat'
C:\CS330Content\3DShapes\ShapeMeshes.cpp(1787,61): warning C4305: 'initializing': truncation from 'double' to 'GLfloat'
C:\CS330Content\3DShapes\ShapeMeshes.cpp(1788,60): warning C4305: 'initializing': truncation from 'double' to 'GLfloat'
C:\CS330Content\3DShapes\ShapeMeshes.cpp(1789,60): warning C4305: 'initializing': truncation from 'double' to 'GLfloat'
C:\CS330Content\3DShapes\ShapeMeshes.cpp(1790,61): warning C4305: 'initializing': truncation from 'double' to 'GLfloat'
C:\CS330Content\3DShapes\ShapeMeshes.cpp(1791,60): warning C4305: 'initializing': truncation from 'double' to 'GLfloat'
C:\CS330Content\3DShapes\ShapeMeshes.cpp(1792,60): warning C4305: 'initializing': truncation from 'double' to 'GLfloat'
C:\CS330Content\3DShapes\ShapeMeshes.cpp(1793,60): warning C4305: 'initializing': truncation from 'double' to 'GLfloat'
C:\CS330Content\3DShapes\ShapeMeshes.cpp(1794,60): warning C4305: 'initializing': truncation from 'double' to 'GLfloat'
C:\CS330Content\3DShapes\ShapeMeshes.cpp(1795,61): warning C4305: 'initializing': truncation from 'double' to 'GLfloat'
C:\CS330Content\3DShapes\ShapeMeshes.cpp(1796,60): warning C4305: 'initializing': truncation from 'double' to 'GLfloat'
C:\CS330Content\3DShapes\ShapeMeshes.cpp(1797,60): warning C4305: 'initializing': truncation from 'double' to 'GLfloat'
C:\CS330Content\3DShapes\ShapeMeshes.cpp(1798,61): warning C4305: 'initializing': truncation from 'double' to 'GLfloat'
C:\CS330Content\3DShapes\ShapeMeshes.cpp(1799,61): warning C4305: 'initializing': truncation from 'double' to 'GLfloat'
C:\CS330Content\3DShapes\ShapeMeshes.cpp(1800,60): warning C4305: 'initializing': truncation from 'double' to 'GLfloat'
C:\CS330Content\3DShapes\ShapeMeshes.cpp(1801,60): warning C4305: 'initializing': truncation from 'double' to 'GLfloat'
C:\CS330Content\3DShapes\ShapeMeshes.cpp(1802,61): warning C4305: 'initializing': truncation from 'double' to 'GLfloat'
C:\CS330Content\3DShapes\ShapeMeshes.cpp(1803,61): warning C4305: 'initializing': truncation from 'double' to 'GLfloat'
C:\CS330Content\3DShapes\ShapeMeshes.cpp(1804,60): warning C4305: 'initializing': truncation from 'double' to 'GLfloat'
C:\CS330Content\3DShapes\ShapeMeshes.cpp(1805,60): warning C4305: 'initializing': truncation from 'double' to 'GLfloat'
C:\CS330Content\3DShapes\ShapeMeshes.cpp(1806,61): warning C4305: 'initializing': truncation from 'double' to 'GLfloat'
C:\CS330Content\3DShapes\ShapeMeshes.cpp(1807,61): warning C4305: 'initializing': truncation from 'double' to 'GLfloat'
C:\CS330Content\3DShapes\ShapeMeshes.cpp(1808,60): warning C4305: 'initializing': truncation from 'double' to 'GLfloat'
C:\CS330Content\3DShapes\ShapeMeshes.cpp(1809,60): warning C4305: 'initializing': truncation from 'double' to 'GLfloat'
C:\CS330Content\3DShapes\ShapeMeshes.cpp(1810,61): warning C4305: 'initializing': truncation from 'double' to 'GLfloat'
C:\CS330Content\3DShapes\ShapeMeshes.cpp(1811,60): warning C4305: 'initializing': truncation from 'double' to 'GLfloat'
C:\CS330Content\3DShapes\ShapeMeshes.cpp(1812,60): warning C4305: 'initializing': truncation from 'double' to 'GLfloat'
C:\CS330Content\3DShapes\ShapeMeshes.cpp(1813,60): warning C4305: 'initializing': truncation from 'double' to 'GLfloat'
C:\CS330Content\3DShapes\ShapeMeshes.cpp(1814,60): warning C4305: 'initializing': truncation from 'double' to 'GLfloat'
C:\CS330Content\3DShapes\ShapeMeshes.cpp(1815,61): warning C4305: 'initializing': truncation from 'double' to 'GLfloat'
C:\CS330Content\3DShapes\ShapeMeshes.cpp(1816,60): warning C4305: 'initializing': truncation from 'double' to 'GLfloat'
C:\CS330Content\3DShapes\ShapeMeshes.cpp(1817,59): warning C4305: 'initializing': truncation from 'double' to 'GLfloat'
C:\CS330Content\3DShapes\ShapeMeshes.cpp(1818,61): warning C4305: 'initializing': truncation from 'double' to 'GLfloat'
C:\CS330Content\3DShapes\ShapeMeshes.cpp(1819,59): warning C4305: 'initializing': truncation from 'double' to 'GLfloat'
C:\CS330Content\3DShapes\ShapeMeshes.cpp(1820,59): warning C4305: 'initializing': truncation from 'double' to 'GLfloat'
C:\CS330Content\3DShapes\ShapeMeshes.cpp(1821,59): warning C4305: 'initializing': truncation from 'double' to 'GLfloat'
C:\CS330Content\3DShapes\ShapeMeshes.cpp(1822,58): warning C4305: 'initializing': truncation from 'double' to 'GLfloat'
C:\CS330Content\3DShapes\ShapeMeshes.cpp(1823,59): warning C4305: 'initializing': truncation from 'double' to 'GLfloat'
C:\CS330Content\3DShapes\ShapeMeshes.cpp(1824,59): warning C4305: 'initializing': truncation from 'double' to 'GLfloat'
C:\CS330Content\3DShapes\ShapeMeshes.cpp(1825,59): warning C4305: 'initializing': truncation from 'double' to 'GLfloat'
C:\CS330Content\3DShapes\ShapeMeshes.cpp(1826,59): warning C4305: 'initializing': truncation from 'double' to 'GLfloat'
C:\CS330Content\3DShapes\ShapeMeshes.cpp(1827,59): warning C4305: 'initializing': truncation from 'double' to 'GLfloat'
C:\CS330Content\3DShapes\ShapeMeshes.cpp(1828,59): warning C4305: 'initializing': truncation from 'double' to 'GLfloat'
C:\CS330Content\3DShapes\ShapeMeshes.cpp(1829,58): warning C4305: 'initializing': truncation from 'double' to 'GLfloat'
C:\CS330Content\3DShapes\ShapeMeshes.cpp(1830,59): warning C4305: 'initializing': truncation from 'double' to 'GLfloat'
C:\CS330Content\3DShapes\ShapeMeshes.cpp(1831,59): warning C4305: 'initializing': truncation from 'double' to 'GLfloat'
C:\CS330Content\3DShapes\ShapeMeshes.cpp(1832,58): warning C4305: 'initializing': truncation from 'double' to 'GLfloat'
C:\CS330Content\3DShapes\ShapeMeshes.cpp(1833,59): warning C4305: 'initializing': truncation from 'double' to 'GLfloat'
C:\CS330Content\3DShapes\ShapeMeshes.cpp(1834,59): warning C4305: 'initializing': truncation from 'double' to 'GLfloat'
C:\CS330Content\3DShapes\ShapeMeshes.cpp(1835,59): warning C4305: 'initializing': truncation from 'double' to 'GLfloat'
C:\CS330Content\3DShapes\ShapeMeshes.cpp(1836,59): warning C4305: 'initializing': truncation from 'double' to 'GLfloat'
C:\CS330Content\3DShapes\ShapeMeshes.cpp(1837,59): warning C4305: 'initializing': truncation from 'double' to 'GLfloat'
C:\CS330Content\3DShapes\ShapeMeshes.cpp(1838,59): warning C4305: 'initializing': truncation from 'double' to 'GLfloat'
C:\CS330Content\3DShapes\ShapeMeshes.cpp(1839,59): warning C4305: 'initializing': truncation from 'double' to 'GLfloat'
C:\CS330Content\3DShapes\ShapeMeshes.cpp(1840,59): warning C4305: 'initializing': truncation from 'double' to 'GLfloat'
C:\CS330Content\3DShapes\ShapeMeshes.cpp(1841,58): warning C4305: 'initializing': truncation from 'double' to 'GLfloat'
C:\CS330Content\3DShapes\ShapeMeshes.cpp(1842,59): warning C4305: 'initializing': truncation from 'double' to 'GLfloat'
C:\CS330Content\3DShapes\ShapeMeshes.cpp(1843,59): warning C4305: 'initializing': truncation from 'double' to 'GLfloat'
C:\CS330Content\3DShapes\ShapeMeshes.cpp(1844,58): warning C4305: 'initializing': truncation from 'double' to 'GLfloat'
C:\CS330Content\3DShapes\ShapeMeshes.cpp(1845,59): warning C4305: 'initializing': truncation from 'double' to 'GLfloat'
C:\CS330Content\3DShapes\ShapeMeshes.cpp(1846,59): warning C4305: 'initializing': truncation from 'double' to 'GLfloat'
C:\CS330Content\3DShapes\ShapeMeshes.cpp(1847,59): warning C4305: 'initializing': truncation from 'double' to 'GLfloat'
C:\CS330Content\3DShapes\ShapeMeshes.cpp(1848,59): warning C4305: 'initializing': truncation from 'double' to 'GLfloat'
C:\CS330Content\3DShapes\ShapeMeshes.cpp(1849,59): warning C4305: 'initializing': truncation from 'double' to 'GLfloat'
C:\CS330Content\3DShapes\ShapeMeshes.cpp(1850,59): warning C4305: 'initializing': truncation from 'double' to 'GLfloat'
C:\CS330Content\3DShapes\ShapeMeshes.cpp(1851,59): warning C4305: 'initializing': truncation from 'double' to 'GLfloat'
C:\CS330Content\3DShapes\ShapeMeshes.cpp(1852,59): warning C4305: 'initializing': truncation from 'double' to 'GLfloat'
C:\CS330Content\3DShapes\ShapeMeshes.cpp(1853,57): warning C4305: 'initializing': truncation from 'double' to 'GLfloat'
C:\CS330Content\3DShapes\ShapeMeshes.cpp(1854,59): warning C4305: 'initializing': truncation from 'double' to 'GLfloat'
C:\CS330Content\3DShapes\ShapeMeshes.cpp(1855,57): warning C4305: 'initializing': truncation from 'double' to 'GLfloat'
C:\CS330Content\3DShapes\ShapeMeshes.cpp(1856,57): warning C4305: 'initializing': truncation from 'double' to 'GLfloat'
C:\CS330Content\3DShapes\ShapeMeshes.cpp(1857,57): warning C4305: 'initializing': truncation from 'double' to 'GLfloat'
C:\CS330Content\3DShapes\ShapeMeshes.cpp(1858,56): warning C4305: 'initializing': truncation from 'double' to 'GLfloat'
C:\CS330Content\3DShapes\ShapeMeshes.cpp(1859,58): warning C4305: 'initializing': truncation from 'double' to 'GLfloat'
C:\CS330Content\3DShapes\ShapeMeshes.cpp(1860,57): warning C4305: 'initializing': truncation from 'double' to 'GLfloat'
C:\CS330Content\3DShapes\ShapeMeshes.cpp(1861,57): warning C4305: 'initializing': truncation from 'double' to 'GLfloat'
C:\CS330Content\3DShapes\ShapeMeshes.cpp(1862,58): warning C4305: 'initializing': truncation from 'double' to 'GLfloat'
C:\CS330Content\3DShapes\ShapeMeshes.cpp(1863,57): warning C4305: 'initializing': truncation from 'double' to 'GLfloat'
C:\CS330Content\3DShapes\ShapeMeshes.cpp(1864,57): warning C4305: 'initializing': truncation from 'double' to 'GLfloat'
C:\CS330Content\3DShapes\ShapeMeshes.cpp(1865,56): warning C4305: 'initializing': truncation from 'double' to 'GLfloat'
C:\CS330Content\3DShapes\ShapeMeshes.cpp(1866,57): warning C4305: 'initializing': truncation from 'double' to 'GLfloat'
C:\CS330Content\3DShapes\ShapeMeshes.cpp(1867,58): warning C4305: 'initializing': truncation from 'double' to 'GLfloat'
C:\CS330Content\3DShapes\ShapeMeshes.cpp(1868,56): warning C4305: 'initializing': truncation from 'double' to 'GLfloat'
C:\CS330Content\3DShapes\ShapeMeshes.cpp(1869,57): warning C4305: 'initializing': truncation from 'double' to 'GLfloat'
C:\CS330Content\3DShapes\ShapeMeshes.cpp(1870,58): warning C4305: 'initializing': truncation from 'double' to 'GLfloat'
C:\CS330Content\3DShapes\ShapeMeshes.cpp(1871,58): warning C4305: 'initializing': truncation from 'double' to 'GLfloat'
C:\CS330Content\3DShapes\ShapeMeshes.cpp(1872,57): warning C4305: 'initializing': truncation from 'double' to 'GLfloat'
C:\CS330Content\3DShapes\ShapeMeshes.cpp(1873,57): warning C4305: 'initializing': truncation from 'double' to 'GLfloat'
C:\CS330Content\3DShapes\ShapeMeshes.cpp(1874,58): warning C4305: 'initializing': truncation from 'double' to 'GLfloat'
C:\CS330Content\3DShapes\ShapeMeshes.cpp(1875,58): warning C4305: 'initializing': truncation from 'double' to 'GLfloat'
C:\CS330Content\3DShapes\ShapeMeshes.cpp(1876,57): warning C4305: 'initializing': truncation from 'double' to 'GLfloat'
C:\CS330Content\3DShapes\ShapeMeshes.cpp(1877,56): warning C4305: 'initializing': truncation from 'double' to 'GLfloat'
C:\CS330Content\3DShapes\ShapeMeshes.cpp(1878,58): warning C4305: 'initializing': truncation from 'double' to 'GLfloat'
C:\CS330Content\3DShapes\ShapeMeshes.cpp(1879,58): warning C4305: 'initializing': truncation from 'double' to 'GLfloat'
C:\CS330Content\3DShapes\ShapeMeshes.cpp(1880,56): warning C4305: 'initializing': truncation from 'double' to 'GLfloat'
C:\CS330Content\3DShapes\ShapeMeshes.cpp(1881,57): warning C4305: 'initializing': truncation from 'double' to 'GLfloat'
C:\CS330Content\3DShapes\ShapeMeshes.cpp(1882,58): warning C4305: 'initializing': truncation from 'double' to 'GLfloat'
C:\CS330Content\3DShapes\ShapeMeshes.cpp(1883,57): warning C4305: 'initializing': truncation from 'double' to 'GLfloat'
C:\CS330Content\3DShapes\ShapeMeshes.cpp(1884,57): warning C4305: 'initializing': truncation from 'double' to 'GLfloat'
C:\CS330Content\3DShapes\ShapeMeshes.cpp(1885,57): warning C4305: 'initializing': truncation from 'double' to 'GLfloat'
C:\CS330Content\3DShapes\ShapeMeshes.cpp(1886,57): warning C4305: 'initializing': truncation from 'double' to 'GLfloat'
C:\CS330Content\3DShapes\ShapeMeshes.cpp(1887,58): warning C4305: 'initializing': truncation from 'double' to 'GLfloat'
C:\CS330Content\3DShapes\ShapeMeshes.cpp(1888,57): warning C4305: 'initializing': truncation from 'double' to 'GLfloat'
C:\CS330Content\3DShapes\ShapeMeshes.cpp(1890,58): warning C4305: 'initializing': truncation from 'double' to 'GLfloat'
C:\CS330Content\3DShapes\ShapeMeshes.cpp(1977,23): warning C4244: 'initializing': conversion from 'double' to 'float', possible loss of data
C:\CS330Content\3DShapes\ShapeMeshes.cpp(1978,21): warning C4244: 'initializing': conversion from 'double' to 'float', possible loss of data
C:\CS330Content\3DShapes\ShapeMeshes.cpp(2068,20): warning C4018: '<': signed/unsigned mismatch
  MainCode.cpp
C:\CS330Content\Projects\7-1_FinalProjectMilestones\Source\MainCode.cpp(219,16): warning C4244: 'initializing': conversion from 'double' to 'float', possible loss of data
C:\CS330Content\Projects\7-1_FinalProjectMilestones\Source\MainCode.cpp(220,16): warning C4244: 'initializing': conversion from 'double' to 'float', possible loss of data
C:\CS330Content\Projects\7-1_FinalProjectMilestones\Source\MainCode.cpp(243,17): warning C4244: '-=': conversion from 'double' to 'float', possible loss of data
  SceneManager.cpp
C:\CS330Content\Projects\7-1_FinalProjectMilestones\Source\SceneManager.cpp(261,16): warning C4018: '<': signed/unsigned mismatch
C:\CS330Content\Projects\7-1_FinalProjectMilestones\Source\SceneManager.cpp(425,29): warning C4305: '=': truncation from 'double' to 'float'
C:\CS330Content\Projects\7-1_FinalProjectMilestones\Source\SceneManager.cpp(434,26): warning C4305: '=': truncation from 'double' to 'float'
C:\CS330Content\Projects\7-1_FinalProjectMilestones\Source\SceneManager.cpp(470,28): warning C4305: '=': truncation from 'double' to 'float'
  ViewManager.cpp
C:\CS330Content\Projects\7-1_FinalProjectMilestones\Source\ViewManager.cpp(164,12): warning C4244: '=': conversion from 'double' to 'float', possible loss of data
C:\CS330Content\Projects\7-1_FinalProjectMilestones\Source\ViewManager.cpp(165,12): warning C4244: '=': conversion from 'double' to 'float', possible loss of data
C:\CS330Content\Projects\7-1_FinalProjectMilestones\Source\ViewManager.cpp(170,16): warning C4244: 'initializing': conversion from 'double' to 'float', possible loss of data
C:\CS330Content\Projects\7-1_FinalProjectMilestones\Source\ViewManager.cpp(171,16): warning C4244: 'initializing': conversion from 'double' to 'float', possible loss of data
C:\CS330Content\Projects\7-1_FinalProjectMilestones\Source\ViewManager.cpp(174,11): warning C4244: '=': conversion from 'double' to 'float', possible loss of data
C:\CS330Content\Projects\7-1_FinalProjectMilestones\Source\ViewManager.cpp(175,11): warning C4244: '=': conversion from 'double' to 'float', possible loss of data
C:\CS330Content\Projects\7-1_FinalProjectMilestones\Source\ViewManager.cpp(267,21): warning C4244: 'initializing': conversion from 'double' to 'float', possible loss of data
  Generating Code...
  7-1_FinalProjectMilestones.vcxproj -> C:\CS330Content\Projects\7-1_FinalProjectMilestones\Debug\7-1_FinalProjectMilestones.exe
